/home/willi/.rvm/gems/ruby-1.9.2-p180/gems/activerecord-3.0.9/lib/active_record/connection_adapters/mysql_adapter.rb:287:in `query': No database selected (Mysql::Error)
	from /home/willi/.rvm/gems/ruby-1.9.2-p180/gems/activerecord-3.0.9/lib/active_record/connection_adapters/mysql_adapter.rb:287:in `execute'
	from /home/willi/.rvm/gems/ruby-1.9.2-p180/gems/activerecord-3.0.9/lib/active_record/connection_adapters/mysql_adapter.rb:452:in `columns'
	from /home/willi/.rvm/gems/ruby-1.9.2-p180/gems/activerecord-3.0.9/lib/active_record/base.rb:685:in `columns'
	from /home/willi/.rvm/gems/ruby-1.9.2-p180/gems/activerecord-3.0.9/lib/active_record/base.rb:698:in `column_names'
	from /home/willi/.rvm/gems/ruby-1.9.2-p180/gems/activerecord-3.0.9/lib/active_record/base.rb:711:in `column_methods_hash'
	from /home/willi/.rvm/gems/ruby-1.9.2-p180/gems/activerecord-3.0.9/lib/active_record/base.rb:1041:in `block in all_attributes_exists?'
	from /home/willi/.rvm/gems/ruby-1.9.2-p180/gems/activerecord-3.0.9/lib/active_record/base.rb:1040:in `each'
	from /home/willi/.rvm/gems/ruby-1.9.2-p180/gems/activerecord-3.0.9/lib/active_record/base.rb:1040:in `all?'
	from /home/willi/.rvm/gems/ruby-1.9.2-p180/gems/activerecord-3.0.9/lib/active_record/base.rb:1040:in `all_attributes_exists?'
	from /home/willi/.rvm/gems/ruby-1.9.2-p180/gems/activerecord-3.0.9/lib/active_record/base.rb:989:in `method_missing'
	from /home/willi/uni-bremen/fidius/repos/architecture/lib/fidius/knowledge/asset/host.rb:112:in `find_or_create_by_ip_and_mac'
	from /home/willi/uni-bremen/fidius/repos/architecture/lib/fidius/misc/asset_initialiser.rb:17:in `block in addLocalAddresses'
	from /home/willi/uni-bremen/fidius/repos/architecture/lib/fidius/misc/asset_initialiser.rb:14:in `each'
	from /home/willi/uni-bremen/fidius/repos/architecture/lib/fidius/misc/asset_initialiser.rb:14:in `addLocalAddresses'
	from /home/willi/uni-bremen/fidius/repos/architecture/lib/fidius/misc/asset_initialiser.rb:65:in `<module:AssetInitialiser>'
	from /home/willi/uni-bremen/fidius/repos/architecture/lib/fidius/misc/asset_initialiser.rb:2:in `<module:FIDIUS>'
	from /home/willi/uni-bremen/fidius/repos/architecture/lib/fidius/misc/asset_initialiser.rb:1:in `<top (required)>'
	from /home/willi/.rvm/rubies/ruby-1.9.2-p180/lib/ruby/site_ruby/1.9.1/rubygems/custom_require.rb:36:in `require'
	from /home/willi/.rvm/rubies/ruby-1.9.2-p180/lib/ruby/site_ruby/1.9.1/rubygems/custom_require.rb:36:in `require'
	from /home/willi/.rvm/gems/ruby-1.9.2-p180/gems/activesupport-3.0.9/lib/active_support/dependencies.rb:239:in `block in require'
	from /home/willi/.rvm/gems/ruby-1.9.2-p180/gems/activesupport-3.0.9/lib/active_support/dependencies.rb:225:in `block in load_dependency'
	from /home/willi/.rvm/gems/ruby-1.9.2-p180/gems/activesupport-3.0.9/lib/active_support/dependencies.rb:596:in `new_constants_in'
	from /home/willi/.rvm/gems/ruby-1.9.2-p180/gems/activesupport-3.0.9/lib/active_support/dependencies.rb:225:in `load_dependency'
	from /home/willi/.rvm/gems/ruby-1.9.2-p180/gems/activesupport-3.0.9/lib/active_support/dependencies.rb:239:in `require'
	from /home/willi/uni-bremen/fidius/repos/architecture/lib/fidius/server/xmlrpc.rb:6:in `<top (required)>'
	from xmlserver:8:in `block in <main>'
	from /home/willi/.rvm/gems/ruby-1.9.2-p180/gems/daemons-1.1.4/lib/daemons/application.rb:249:in `call'
	from /home/willi/.rvm/gems/ruby-1.9.2-p180/gems/daemons-1.1.4/lib/daemons/application.rb:249:in `block in start_proc'
	from /home/willi/.rvm/gems/ruby-1.9.2-p180/gems/daemons-1.1.4/lib/daemons/daemonize.rb:197:in `call'
	from /home/willi/.rvm/gems/ruby-1.9.2-p180/gems/daemons-1.1.4/lib/daemons/daemonize.rb:197:in `call_as_daemon'
	from /home/willi/.rvm/gems/ruby-1.9.2-p180/gems/daemons-1.1.4/lib/daemons/application.rb:253:in `start_proc'
	from /home/willi/.rvm/gems/ruby-1.9.2-p180/gems/daemons-1.1.4/lib/daemons/application.rb:293:in `start'
	from /home/willi/.rvm/gems/ruby-1.9.2-p180/gems/daemons-1.1.4/lib/daemons/controller.rb:70:in `run'
	from /home/willi/.rvm/gems/ruby-1.9.2-p180/gems/daemons-1.1.4/lib/daemons.rb:195:in `block in run_proc'
	from /home/willi/.rvm/gems/ruby-1.9.2-p180/gems/daemons-1.1.4/lib/daemons/cmdline.rb:109:in `call'
	from /home/willi/.rvm/gems/ruby-1.9.2-p180/gems/daemons-1.1.4/lib/daemons/cmdline.rb:109:in `catch_exceptions'
	from /home/willi/.rvm/gems/ruby-1.9.2-p180/gems/daemons-1.1.4/lib/daemons.rb:194:in `run_proc'
	from xmlserver:7:in `<main>'
